==> Notebook  : /sfs/gpfs/tardis/home/dzk3ja/Ivy_Net/540_tenure_pipeline.ipynb
==> Output nb : /sfs/gpfs/tardis/home/dzk3ja/Ivy_Net/slurm-6d_job-11715633-output.ipynb   (executed copy with outputs)
==> Watch live:
    tail -f /sfs/gpfs/tardis/home/dzk3ja/Ivy_Net/slurm-6d_job-11715633.out
    tail -f /sfs/gpfs/tardis/home/dzk3ja/Ivy_Net/slurm-6d_job-11715633.err

==> Active RUN_CELL flags (as set in CELL 0 of the notebook):
    RUN_CELL1          = False  # DBLP streaming parse           — ~30–45 min on full XML
    RUN_CELL2          = False  # University list → CSV          — complete (114 schools)
    RUN_CELL3_CDX      = False   # Wayback CDX discovery — uses CDX_TIMEOUT (see above)
    RUN_CELL3_COOLDOWN = False   # CDX cool-down — sleeps for CDX_SLEEP_BEFORE_RETRY_SEC before the retry
    RUN_CELL3_RETRY    = False  # CDX retry pass — uses CDX_RETRY_TIMEOUT (see above)
    RUN_CELL3_DOWNLOAD = False   # Wayback HTML download          — all newly discovered files
    RUN_CELL3C         = False  # Cornell/UMD sub-page rescue    — complete
    RUN_CELL3D         = False  # UIUC/UW-Madison sub-page rescue — complete
    RUN_CELL3E         = False   # NC State redirect rescue       — retry (failed conn errors @ 11pm)
    RUN_CELL4          = False  # HTML faculty parse             — ~2 min across 56 good schools
    RUN_CELL5          = False  # Longitudinal panel builder     — ~5 sec
    RUN_CELL6A         = True  # OpenAlex institution map + author ID resolution — ~10 min (network)
    RUN_CELL6B         = True  # OpenAlex works by year — API or CDH snapshot (Cell 0 OPENALEX_SNAPSHOT_ROOT)

==> Executing via papermill …

==> Job complete. Executed notebook saved to: slurm-6d_job-11715633-output.ipynb
