Input Notebook:  540_tenure_pipeline.ipynb
Output Notebook: slurm-6d_job-11715633-output.ipynb
Executing notebook with kernel: tenure_net
Executing Cell 1---------------------------------------
Ending Cell 1------------------------------------------
Executing Cell 2---------------------------------------
Ending Cell 2------------------------------------------
Executing Cell 3---------------------------------------
  Workspace root   : /sfs/gpfs/tardis/home/dzk3ja/Ivy_Net
  DBLP XML         : /sfs/gpfs/tardis/home/dzk3ja/Ivy_Net/python_packages/dblp-parser/dblp.xml  (not found — add dump or ignore if not running Stage 1)
  Stage 1 out dir  : /sfs/gpfs/tardis/home/dzk3ja/Ivy_Net/tenure/tenure_pipeline/dblp_parsed
  STAGE3_HTML_DIR  : /sfs/gpfs/tardis/home/dzk3ja/Ivy_Net/tenure/tenure_pipeline/faculty_snapshots  (FACULTY_SNAPSHOTS_STORAGE='workspace')
  3B write root      : /sfs/gpfs/tardis/home/dzk3ja/Ivy_Net/tenure/tenure_pipeline/faculty_snapshots  (WRITE_ROOT_MODE='workspace')
  NOTE: Skip/resume + Cell 4 search: 3B write root, STAGE3_HTML_DIR, workspace …/faculty_snapshots, ~/Desktop/faculty_snapshots.
  Target types     : ['article', 'inproceedings']
  OpenAlex 6B       : snapshot OK → /home/dzk3ja/cdh/OpenAlex1125 (CSV mode, no API)

  Ready. 22:36:51 (EST) Wed, 15 Apr 2026

Ending Cell 3------------------------------------------
Executing Cell 4---------------------------------------
Edit BLANK: 04/15/2026 22:36:51

Ending Cell 4------------------------------------------
Executing Cell 5---------------------------------------
Ending Cell 5------------------------------------------
Executing Cell 6---------------------------------------
  CELL 1 skipped  (RUN_CELL1 = False in CELL 0)  22:36:51 (EST) Wed, 15 Apr 2026

Ending Cell 6------------------------------------------
Executing Cell 7---------------------------------------
Ending Cell 7------------------------------------------
Executing Cell 8---------------------------------------
  CELL 2 skipped — loaded 168 schools from disk  22:36:51 (EST) Wed, 15 Apr 2026

Ending Cell 8------------------------------------------
Executing Cell 9---------------------------------------
Ending Cell 9------------------------------------------
Executing Cell 10--------------------------------------
  CELL 3A skipped — loaded 34,206 planned downloads from disk  22:36:52 (EST) Wed, 15 Apr 2026

Ending Cell 10-----------------------------------------
Executing Cell 11--------------------------------------
Ending Cell 11-----------------------------------------
Executing Cell 12--------------------------------------
  ↺  reload_py_files: html_parser.py, viz_pipeline.py, faculty_linker.py, r1_schools_data.py

<Figure size 2200x1800 with 3 Axes>
  Saved → /sfs/gpfs/tardis/home/dzk3ja/Ivy_Net/tenure/tenure_pipeline/stage3a_summary.png

<Figure size 2000x1200 with 3 Axes>
  Saved → /sfs/gpfs/tardis/home/dzk3ja/Ivy_Net/tenure/tenure_pipeline/stage3a_enrollment_bin_heatmap.png

Ending Cell 12-----------------------------------------
Executing Cell 13--------------------------------------
Ending Cell 13-----------------------------------------
Executing Cell 14--------------------------------------
Ending Cell 14-----------------------------------------
Executing Cell 15--------------------------------------
  CELL 3A-RETRY skipped — set RUN_CELL3_RETRY = True to run  22:36:56 (EST) Wed, 15 Apr 2026

Ending Cell 15-----------------------------------------
Executing Cell 16--------------------------------------
Ending Cell 16-----------------------------------------
Executing Cell 17--------------------------------------
  CELL 3B skipped — 35,221 downloads in index (34,944 OK)  22:36:56 (EST) Wed, 15 Apr 2026

Ending Cell 17-----------------------------------------
Executing Cell 18--------------------------------------
Ending Cell 18-----------------------------------------
Executing Cell 19--------------------------------------
  ↺  reload_py_files: html_parser.py, viz_pipeline.py, faculty_linker.py, r1_schools_data.py

<Figure size 2200x1800 with 4 Axes>
  Saved → /sfs/gpfs/tardis/home/dzk3ja/Ivy_Net/tenure/tenure_pipeline/stage3b_summary.png

Ending Cell 19-----------------------------------------
Executing Cell 20--------------------------------------
Ending Cell 20-----------------------------------------
Executing Cell 21--------------------------------------
RUN_CELL3C=False — index not yet on disk (run Cell 3C first)

Ending Cell 21-----------------------------------------
Executing Cell 22--------------------------------------
Ending Cell 22-----------------------------------------
Executing Cell 23--------------------------------------
RUN_CELL3D=False — index not yet on disk (run Cell 3D first)

Ending Cell 23-----------------------------------------
Executing Cell 24--------------------------------------
Ending Cell 24-----------------------------------------
Executing Cell 25--------------------------------------
RUN_CELL3E=False — index not yet on disk (run Cell 3E first)

Ending Cell 25-----------------------------------------
Executing Cell 26--------------------------------------
Ending Cell 26-----------------------------------------
Executing Cell 27--------------------------------------
  ↺  reload_py_files: html_parser.py, viz_pipeline.py, faculty_linker.py, r1_schools_data.py

  CELL 4 skipped — loaded 1,279,680 parsed records for 168 school(s)  22:37:06 (EST) Wed, 15 Apr 2026

Ending Cell 27-----------------------------------------
Executing Cell 28--------------------------------------
Ending Cell 28-----------------------------------------
Executing Cell 29--------------------------------------
  ↺  reload_py_files: html_parser.py, viz_pipeline.py, faculty_linker.py, r1_schools_data.py

  Loaded 1,279,680 parsed records from disk for viz.

<Figure size 2000x5104 with 4 Axes>

  Saved -> /sfs/gpfs/tardis/home/dzk3ja/Ivy_Net/tenure/tenure_pipeline/stage4_parse_diagnostic.png

Ending Cell 29-----------------------------------------
Executing Cell 30--------------------------------------
Ending Cell 30-----------------------------------------
Executing Cell 31--------------------------------------
  ↺  reload_py_files: html_parser.py, viz_pipeline.py, faculty_linker.py, r1_schools_data.py

  CELL 5 skipped — loaded 1,278,820 panel rows  |  29,177 faculty  |  168 schools  22:37:32 (EST) Wed, 15 Apr 2026

Ending Cell 31-----------------------------------------
Executing Cell 32--------------------------------------
Ending Cell 32-----------------------------------------
Executing Cell 33--------------------------------------
  ↺  reload_py_files: html_parser.py, viz_pipeline.py, faculty_linker.py, r1_schools_data.py

<Figure size 2000x1400 with 4 Axes>

  Saved -> /sfs/gpfs/tardis/home/dzk3ja/Ivy_Net/tenure/tenure_pipeline/stage5_panel_summary.png

Ending Cell 33-----------------------------------------
Executing Cell 34--------------------------------------
Ending Cell 34-----------------------------------------
Executing Cell 35--------------------------------------
[92m[1mStart Stage 6A — OpenAlex Author ID Resolution at 22:37:44 (EST) Wed, 15 Apr 2026[0m

  Stage 6 pilot: 15 schools  |  309,052 panel rows  |  strat file: faculty_snapshots_strategy_audit.jsonl (found)
  Top schools (faculty / rows / audit_frac_none):
    iowa_state_university: faculty=1,028 rows=19,570 frac_none=0.00
    university_of_south_carolina: faculty=924 rows=11,820 frac_none=0.00
    massachusetts_institute_of_technology: faculty=907 rows=45,924 frac_none=0.00
    university_of_california_san_diego: faculty=732 rows=31,106 frac_none=0.00
    new_york_university: faculty=650 rows=20,366 frac_none=0.00
    uc_berkeley: faculty=583 rows=40,626 frac_none=0.00
    west_virginia_university: faculty=524 rows=8,008 frac_none=0.00
    stanford_university: faculty=473 rows=12,580 frac_none=0.00
  Loaded institution map (54 entries) from disk.

  Resolving author IDs …


  Faculty to resolve : 0  (14,597 already done, 8,811 total)
  API delay          : 1.00s / request  │  no API key — polite pool only
  Est. total time    : 0:00  (network latency will add ~30–60%)
  Reporting every    : 25 authors
  Output             : openalex_author_ids.jsonl
  ────────────────────────────────────────────────────────────

  Tier            N       %
  ---------- ------  ------
  HIGH        2,722   18.6%
  MEDIUM      2,049   14.0%
  LOW           446    3.1%
  MULTI       2,225   15.2%
  NONE        7,155   49.0%
  TOTAL      14,597

  Low-confidence records : 9,826 → openalex_low_confidence.jsonl
[91m[1m...complete. duration: 02.69 seconds at 22:37:47 (EST) Wed, 15 Apr 2026[0m

Ending Cell 35-----------------------------------------
Executing Cell 36--------------------------------------
Ending Cell 36-----------------------------------------
Executing Cell 37--------------------------------------
[92m[1mStart Stage 6B — OpenAlex Works by Year at 22:37:47 (EST) Wed, 15 Apr 2026[0m

  Authors to aggregate : 2,495  (211 OpenAlex IDs already in openalex_works_by_year.jsonl)
  Eligible (≥HIGH) w/ ID : 2,722  (from 14,597 author rows)
  Data source          : bulk snapshot (relational CSVs, no HTTP)
  ────────────────────────────────────────────────────────────
  Scanning 1,006 publicationauthoraffiliation shards …

  PAA shards:   0%|          | 0/1006 [00:00<?, ?file/s]
  Unique publication ids for target authors : 332,355
  Scanning pub2year.csv.gz …

  pub2year rows: 0 rows [00:00, ? rows/s]
  [  100/2,495]   4.0%  elapsed 0:00  ETA 0:00  rate 162939/min  │  2,617 year-records written

  [  200/2,495]   8.0%  elapsed 0:00  ETA 0:00  rate 221211/min  │  4,570 year-records written

  [  300/2,495]  12.0%  elapsed 0:00  ETA 0:00  rate 252908/min  │  6,619 year-records written

  [  400/2,495]  16.0%  elapsed 0:00  ETA 0:00  rate 212015/min  │  9,424 year-records written

  [  500/2,495]  20.0%  elapsed 0:00  ETA 0:00  rate 222832/min  │  12,046 year-records written

  [  600/2,495]  24.0%  elapsed 0:00  ETA 0:00  rate 238656/min  │  14,379 year-records written

  [  700/2,495]  28.1%  elapsed 0:00  ETA 0:00  rate 254403/min  │  16,157 year-records written

  [  800/2,495]  32.1%  elapsed 0:00  ETA 0:00  rate 268724/min  │  18,081 year-records written

  [  900/2,495]  36.1%  elapsed 0:00  ETA 0:00  rate 284899/min  │  19,629 year-records written

  [1,000/2,495]  40.1%  elapsed 0:00  ETA 0:00  rate 290557/min  │  21,717 year-records written

  [1,100/2,495]  44.1%  elapsed 0:00  ETA 0:00  rate 303896/min  │  23,104 year-records written

  [1,200/2,495]  48.1%  elapsed 0:00  ETA 0:00  rate 303783/min  │  25,064 year-records written

  [1,300/2,495]  52.1%  elapsed 0:00  ETA 0:00  rate 313083/min  │  26,770 year-records written

  [1,400/2,495]  56.1%  elapsed 0:00  ETA 0:00  rate 324821/min  │  27,987 year-records written

  [1,500/2,495]  60.1%  elapsed 0:00  ETA 0:00  rate 331139/min  │  29,253 year-records written

  [1,600/2,495]  64.1%  elapsed 0:00  ETA 0:00  rate 333328/min  │  31,126 year-records written

  [1,700/2,495]  68.1%  elapsed 0:00  ETA 0:00  rate 335561/min  │  32,945 year-records written

  [1,800/2,495]  72.1%  elapsed 0:00  ETA 0:00  rate 337469/min  │  34,409 year-records written

  [1,900/2,495]  76.2%  elapsed 0:00  ETA 0:00  rate 343097/min  │  35,918 year-records written

  [2,000/2,495]  80.2%  elapsed 0:00  ETA 0:00  rate 336455/min  │  38,620 year-records written

  [2,100/2,495]  84.2%  elapsed 0:00  ETA 0:00  rate 330775/min  │  41,213 year-records written

  [2,200/2,495]  88.2%  elapsed 0:00  ETA 0:00  rate 331655/min  │  43,557 year-records written

  [2,300/2,495]  92.2%  elapsed 0:00  ETA 0:00  rate 330936/min  │  45,723 year-records written

  [2,400/2,495]  96.2%  elapsed 0:00  ETA 0:00  rate 333638/min  │  47,733 year-records written

  [2,495/2,495] 100.0%  elapsed 0:00  ETA 0:00  rate 334747/min  │  49,635 year-records written


  ────────────────────────────────────────────────────────────
  Aggregated works for 2,495 authors in 0:00 (snapshot)
  Total year-records : 49,635


  Works records      : 54,577
  Authors covered    : 2,701
  Year range         : 1800–2026

  Output             : /sfs/gpfs/tardis/home/dzk3ja/Ivy_Net/tenure/tenure_pipeline/openalex_works_by_year.jsonl
[91m[1m...complete. duration: 47:27.64 minutes at 23:25:14 (EST) Wed, 15 Apr 2026[0m

Ending Cell 37-----------------------------------------
Executing Cell 38--------------------------------------
                                             faculty_id  \
0                       boston_university|aaron stevens   
8315         university_of_south_carolina|video contest   
8253         university_of_south_carolina|the telegraph   
8254  university_of_south_carolina|the top three pos...   
8255            university_of_south_carolina|their time   

                     name_display                      uni_slug  \
0            Aaron Stevens Senior             boston_university   
8315                Video Contest  university_of_south_carolina   
8253                The Telegraph  university_of_south_carolina   
8254  The Top Three Positions You  university_of_south_carolina   
8255                   Their Time  university_of_south_carolina   

                        university openalex_id openalex_name match_confidence  \
0                Boston University                                       NONE   
8315  University Of South Carolina                                       NONE   
8253  University Of South Carolina                                       NONE   
8254  University Of South Carolina                                       NONE   
8255  University Of South Carolina                                       NONE   

      works_count  cited_by_count orcid  n_candidates  
0               0               0                   0  
8315            0               0                   0  
8253            0               0                   4  
8254            0               0                   0  
8255            0               0                   1  
Ending Cell 38-----------------------------------------
Executing Cell 39--------------------------------------
Ending Cell 39-----------------------------------------
