==> Notebook  : /sfs/gpfs/tardis/home/dzk3ja/Ivy_Net/540_tenure_pipeline.ipynb
==> Output nb : /sfs/gpfs/tardis/home/dzk3ja/Ivy_Net/slurm-6d_job-11720992-output.ipynb   (executed copy with outputs)
==> Watch live:
    tail -f /sfs/gpfs/tardis/home/dzk3ja/Ivy_Net/slurm-6d_job-11720992.out
    tail -f /sfs/gpfs/tardis/home/dzk3ja/Ivy_Net/slurm-6d_job-11720992.err

==> Active RUN_CELL flags (as set in CELL 0 of the notebook):
    RUN_CELL1          = False  # DBLP streaming parse           — ~30–45 min on full XML
    RUN_CELL2          = True  # University list → CSV          — complete (114 schools)
    RUN_CELL3_CDX      = False   # Wayback CDX discovery — uses CDX_TIMEOUT (see above)
    RUN_CELL3_COOLDOWN = False   # CDX cool-down — sleeps for CDX_SLEEP_BEFORE_RETRY_SEC before the retry
    RUN_CELL3_RETRY    = False  # CDX retry pass — uses CDX_RETRY_TIMEOUT (see above)
    RUN_CELL3_DOWNLOAD = False   # Wayback HTML download          — all newly discovered files
    RUN_CELL3C         = False  # Cornell/UMD sub-page rescue    — complete
    RUN_CELL3D         = False  # UIUC/UW-Madison sub-page rescue — complete
    RUN_CELL3E         = False   # NC State redirect rescue       — retry (failed conn errors @ 11pm)
    RUN_CELL4          = True  # HTML faculty parse             — ~2 min across 56 good schools
    RUN_CELL5          = False  # Longitudinal panel builder     — ~5 sec
    RUN_CELL6A         = False  # OpenAlex institution map + author ID resolution — ~10 min (network)
    RUN_CELL6B         = False  # OpenAlex works by year — API or CDH snapshot (Cell 0 OPENALEX_SNAPSHOT_ROOT)
    RUN_CELL7          = False  # Enriched annual panel — ~30–60 sec (in-memory; 895 MB panel JSONL)
    RUN_CELL8          = False  # LOO peer pool metrics — two-pass over 106K-row enriched panel
    RUN_CELL9          = False   # Inverted-U analysis — ~5 sec

==> Executing via papermill …

==> Job complete. Executed notebook saved to: slurm-6d_job-11720992-output.ipynb
